<?xml version="1.0" encoding="UTF-8"?>
<Site BuildName="Linux-clang++"
	BuildStamp="20240201-0340-Experimental"
	Name="ilab1.cs.rutgers.edu"
	Generator="ctest-3.22.1"
	CompilerName="/usr/bin/clang++"
	CompilerVersion=""
	OSName="Linux"
	Hostname="ilab1.cs.rutgers.edu"
	OSRelease="5.15.0-87-generic"
	OSVersion="#97-Ubuntu SMP Mon Oct 2 21:09:21 UTC 2023"
	OSPlatform="x86_64"
	Is64Bits="1"
	VendorString="AuthenticAMD"
	VendorID="Advanced Micro Devices"
	FamilyID="25"
	ModelID="1"
	ProcessorCacheSize="512"
	NumberOfLogicalCPU="64"
	NumberOfPhysicalCPU="32"
	TotalVirtualMemory="524287"
	TotalPhysicalMemory="1031730"
	LogicalProcessorsPerPhysical="2"
	ProcessorClockFrequency="3561.98"
	>
	<Testing>
		<StartDateTime>Jan 31 22:40 EST</StartDateTime>
		<StartTestTime>1706758843</StartTestTime>
		<TestList/>
		<EndDateTime>Jan 31 22:40 EST</EndDateTime>
		<EndTestTime>1706758843</EndTestTime>
		<ElapsedMinutes>0</ElapsedMinutes>
	</Testing>
</Site>
