<?xml version="1.0" encoding="UTF-8"?>
<Site BuildName="Win32-mingw32-make"
	BuildStamp="20240106-0031-Experimental"
	Name="DUNDYPC"
	Generator="ctest-3.17.0-rc2"
	CompilerName="C:/msys64/ucrt64/bin/g++.exe"
	CompilerVersion=""
	OSName="Windows"
	Hostname="DundyPC"
	OSRelease=" Personal"
	OSVersion=" (Build 19045)"
	OSPlatform="AMD64"
	Is64Bits="1"
	VendorString="AuthenticAMD"
	VendorID="Advanced Micro Devices"
	FamilyID="15"
	ModelID="1"
	ProcessorCacheSize="64"
	NumberOfLogicalCPU="12"
	NumberOfPhysicalCPU="6"
	TotalVirtualMemory="42665"
	TotalPhysicalMemory="32699"
	LogicalProcessorsPerPhysical="2"
	ProcessorClockFrequency="3800"
	>
	<Testing>
		<StartDateTime>Jan 05 19:31 Eastern Standard Time</StartDateTime>
		<StartTestTime>1704501082</StartTestTime>
		<TestList/>
		<EndDateTime>Jan 05 19:31 Eastern Standard Time</EndDateTime>
		<EndTestTime>1704501082</EndTestTime>
		<ElapsedMinutes>0</ElapsedMinutes>
	</Testing>
</Site>
